[21:41:45] [main/INFO]: Environment: authHost='https://authserver.mojang.com', accountsHost='https://api.mojang.com', sessionHost='https://sessionserver.mojang.com', servicesHost='https://api.minecraftservices.com', name='PROD'
[21:41:48] [main/INFO]: Reloading ResourceManager: Default, bukkit
[21:41:50] [Worker-Main-1/INFO]: Loaded 7 recipes
[21:41:55] [Server thread/INFO]: Starting minecraft server version 1.16.4
[21:41:55] [Server thread/INFO]: Loading properties
[21:41:55] [Server thread/INFO]: This server is running Paper version git-Paper-325 (MC: 1.16.4) (Implementing API version 1.16.4-R0.1-SNAPSHOT)
[21:41:55] [Server thread/INFO]: Debug logging is disabled
[21:41:55] [Server thread/INFO]: Server Ping Player Sample Count: 12
[21:41:55] [Server thread/INFO]: Using 4 threads for Netty based IO
[21:41:55] [Server thread/INFO]: Default game type: SURVIVAL
[21:41:55] [Server thread/INFO]: Generating keypair
[21:41:56] [Server thread/INFO]: Starting Minecraft server on *:25565
[21:41:56] [Server thread/INFO]: Using default channel type
[21:41:59] [Server thread/WARN]: Initializing Legacy Material Support. Unless you have legacy plugins and/or data this is a bug!
[21:42:15] [Server thread/WARN]: Legacy plugin PixelTpa vbeta 0.1 does not specify an api-version.
[21:42:15] [Server thread/INFO]: [BetterSleeping3] Loading BetterSleeping3 v3.0.4
[21:42:15] [Server thread/INFO]: [LuckPerms] Loading LuckPerms v5.2.35
[21:42:17] [Server thread/INFO]: [PixelTpa] Loading PixelTpa vbeta 0.1
[21:42:17] [Server thread/INFO]: [DropHeads] Loading DropHeads v3.4.5
[21:42:17] [Server thread/INFO]: [SetHomes] Loading SetHomes v1.2.9
[21:42:17] [Server thread/INFO]: Server permissions file permissions.yml is empty, ignoring it
[21:42:17] [Server thread/INFO]: [LuckPerms] Enabling LuckPerms v5.2.35
[21:42:18] [Server thread/INFO]:         __    
[21:42:18] [Server thread/INFO]:   |    |__)   LuckPerms v5.2.35
[21:42:18] [Server thread/INFO]:   |___ |      Running on Bukkit - Paper
[21:42:18] [Server thread/INFO]: 
[21:42:18] [Server thread/INFO]: [LuckPerms] Loading configuration...
[21:42:21] [Server thread/INFO]: [LuckPerms] Loading storage provider... [H2]
[21:42:25] [Server thread/INFO]: [LuckPerms] Loading internal permission managers...
[21:42:25] [Server thread/INFO]: [LuckPerms] Performing initial data load...
[21:42:27] [Server thread/INFO]: [LuckPerms] Successfully enabled. (took 10094ms)
[21:42:27] [Server thread/WARN]: **** SERVER IS RUNNING IN OFFLINE/INSECURE MODE!
[21:42:27] [Server thread/WARN]: The server will make no attempt to authenticate usernames. Beware.
[21:42:27] [Server thread/WARN]: While this makes the game possible to play without internet access, it also opens up the ability for hackers to connect with any username they choose.
[21:42:27] [Server thread/WARN]: To change this, set "online-mode" to "true" in the server.properties file.
[21:42:27] [Server thread/INFO]: Preparing level "world"
[21:42:27] [Server thread/INFO]: -------- World Settings For [world] --------
[21:42:27] [Server thread/INFO]: Arrow Despawn Rate: 1200 Trident Respawn Rate:1200
[21:42:27] [Server thread/INFO]: Item Merge Radius: 2.5
[21:42:27] [Server thread/INFO]: Item Despawn Rate: 6000
[21:42:27] [Server thread/INFO]: View Distance: 10
[21:42:27] [Server thread/INFO]: Custom Map Seeds:  Village: 10387312 Desert: 14357617 Igloo: 14357618 Jungle: 14357619 Swamp: 14357620 Monument: 10387313 Ocean: 14357621 Shipwreck: 165745295 End City: 10387313 Slime: 987234911 Bastion: 30084232 Fortress: 30084232 Mansion: 10387319 Fossil: 14357921 Portal: 34222645
[21:42:27] [Server thread/INFO]: Nerfing mobs spawned from spawners: false
[21:42:27] [Server thread/INFO]: Allow Zombie Pigmen to spawn from portal blocks: true
[21:42:27] [Server thread/INFO]: Entity Tracking Range: Pl 48 / An 48 / Mo 48 / Mi 32 / Other 64
[21:42:27] [Server thread/INFO]: Zombie Aggressive Towards Villager: true
[21:42:27] [Server thread/INFO]: Mob Spawn Range: 8
[21:42:27] [Server thread/INFO]: Entity Activation Range: An 32 / Mo 32 / Ra 48 / Mi 16 / Tiv true
[21:42:27] [Server thread/INFO]: Experience Merge Radius: 3.0
[21:42:27] [Server thread/INFO]: Cactus Growth Modifier: 100%
[21:42:27] [Server thread/INFO]: Cane Growth Modifier: 100%
[21:42:27] [Server thread/INFO]: Melon Growth Modifier: 100%
[21:42:27] [Server thread/INFO]: Mushroom Growth Modifier: 100%
[21:42:27] [Server thread/INFO]: Pumpkin Growth Modifier: 100%
[21:42:27] [Server thread/INFO]: Sapling Growth Modifier: 100%
[21:42:27] [Server thread/INFO]: Beetroot Growth Modifier: 100%
[21:42:27] [Server thread/INFO]: Carrot Growth Modifier: 100%
[21:42:27] [Server thread/INFO]: Potato Growth Modifier: 100%
[21:42:27] [Server thread/INFO]: Wheat Growth Modifier: 100%
[21:42:27] [Server thread/INFO]: NetherWart Growth Modifier: 100%
[21:42:27] [Server thread/INFO]: Vine Growth Modifier: 100%
[21:42:27] [Server thread/INFO]: Cocoa Growth Modifier: 100%
[21:42:27] [Server thread/INFO]: Bamboo Growth Modifier: 100%
[21:42:27] [Server thread/INFO]: SweetBerry Growth Modifier: 100%
[21:42:27] [Server thread/INFO]: Kelp Growth Modifier: 100%
[21:42:27] [Server thread/INFO]: Tile Max Tick Time: 50ms Entity max Tick Time: 50ms
[21:42:27] [Server thread/INFO]: Max TNT Explosions: 100
[21:42:27] [Server thread/INFO]: Hopper Transfer: 8 Hopper Check: 1 Hopper Amount: 1
[21:42:28] [Server thread/INFO]: -------- World Settings For [world_nether] --------
[21:42:28] [Server thread/INFO]: Arrow Despawn Rate: 1200 Trident Respawn Rate:1200
[21:42:28] [Server thread/INFO]: Item Merge Radius: 2.5
[21:42:28] [Server thread/INFO]: Item Despawn Rate: 6000
[21:42:28] [Server thread/INFO]: View Distance: 10
[21:42:28] [Server thread/INFO]: Custom Map Seeds:  Village: 10387312 Desert: 14357617 Igloo: 14357618 Jungle: 14357619 Swamp: 14357620 Monument: 10387313 Ocean: 14357621 Shipwreck: 165745295 End City: 10387313 Slime: 987234911 Bastion: 30084232 Fortress: 30084232 Mansion: 10387319 Fossil: 14357921 Portal: 34222645
[21:42:28] [Server thread/INFO]: Nerfing mobs spawned from spawners: false
[21:42:28] [Server thread/INFO]: Allow Zombie Pigmen to spawn from portal blocks: true
[21:42:28] [Server thread/INFO]: Entity Tracking Range: Pl 48 / An 48 / Mo 48 / Mi 32 / Other 64
[21:42:28] [Server thread/INFO]: Zombie Aggressive Towards Villager: true
[21:42:28] [Server thread/INFO]: Mob Spawn Range: 8
[21:42:28] [Server thread/INFO]: Entity Activation Range: An 32 / Mo 32 / Ra 48 / Mi 16 / Tiv true
[21:42:28] [Server thread/INFO]: Experience Merge Radius: 3.0
[21:42:28] [Server thread/INFO]: Cactus Growth Modifier: 100%
[21:42:28] [Server thread/INFO]: Cane Growth Modifier: 100%
[21:42:28] [Server thread/INFO]: Melon Growth Modifier: 100%
[21:42:28] [Server thread/INFO]: Mushroom Growth Modifier: 100%
[21:42:28] [Server thread/INFO]: Pumpkin Growth Modifier: 100%
[21:42:28] [Server thread/INFO]: Sapling Growth Modifier: 100%
[21:42:28] [Server thread/INFO]: Beetroot Growth Modifier: 100%
[21:42:28] [Server thread/INFO]: Carrot Growth Modifier: 100%
[21:42:28] [Server thread/INFO]: Potato Growth Modifier: 100%
[21:42:28] [Server thread/INFO]: Wheat Growth Modifier: 100%
[21:42:28] [Server thread/INFO]: NetherWart Growth Modifier: 100%
[21:42:28] [Server thread/INFO]: Vine Growth Modifier: 100%
[21:42:28] [Server thread/INFO]: Cocoa Growth Modifier: 100%
[21:42:28] [Server thread/INFO]: Bamboo Growth Modifier: 100%
[21:42:28] [Server thread/INFO]: SweetBerry Growth Modifier: 100%
[21:42:28] [Server thread/INFO]: Kelp Growth Modifier: 100%
[21:42:28] [Server thread/INFO]: Tile Max Tick Time: 50ms Entity max Tick Time: 50ms
[21:42:28] [Server thread/INFO]: Max TNT Explosions: 100
[21:42:28] [Server thread/INFO]: Hopper Transfer: 8 Hopper Check: 1 Hopper Amount: 1
[21:42:29] [Server thread/INFO]: -------- World Settings For [world_the_end] --------
[21:42:29] [Server thread/INFO]: Arrow Despawn Rate: 1200 Trident Respawn Rate:1200
[21:42:29] [Server thread/INFO]: Item Merge Radius: 2.5
[21:42:29] [Server thread/INFO]: Item Despawn Rate: 6000
[21:42:29] [Server thread/INFO]: View Distance: 10
[21:42:29] [Server thread/INFO]: Custom Map Seeds:  Village: 10387312 Desert: 14357617 Igloo: 14357618 Jungle: 14357619 Swamp: 14357620 Monument: 10387313 Ocean: 14357621 Shipwreck: 165745295 End City: 10387313 Slime: 987234911 Bastion: 30084232 Fortress: 30084232 Mansion: 10387319 Fossil: 14357921 Portal: 34222645
[21:42:29] [Server thread/INFO]: Nerfing mobs spawned from spawners: false
[21:42:29] [Server thread/INFO]: Allow Zombie Pigmen to spawn from portal blocks: true
[21:42:29] [Server thread/INFO]: Entity Tracking Range: Pl 48 / An 48 / Mo 48 / Mi 32 / Other 64
[21:42:29] [Server thread/INFO]: Zombie Aggressive Towards Villager: true
[21:42:29] [Server thread/INFO]: Mob Spawn Range: 8
[21:42:29] [Server thread/INFO]: Entity Activation Range: An 32 / Mo 32 / Ra 48 / Mi 16 / Tiv true
[21:42:29] [Server thread/INFO]: Experience Merge Radius: 3.0
[21:42:29] [Server thread/INFO]: Cactus Growth Modifier: 100%
[21:42:29] [Server thread/INFO]: Cane Growth Modifier: 100%
[21:42:29] [Server thread/INFO]: Melon Growth Modifier: 100%
[21:42:29] [Server thread/INFO]: Mushroom Growth Modifier: 100%
[21:42:29] [Server thread/INFO]: Pumpkin Growth Modifier: 100%
[21:42:29] [Server thread/INFO]: Sapling Growth Modifier: 100%
[21:42:29] [Server thread/INFO]: Beetroot Growth Modifier: 100%
[21:42:29] [Server thread/INFO]: Carrot Growth Modifier: 100%
[21:42:29] [Server thread/INFO]: Potato Growth Modifier: 100%
[21:42:29] [Server thread/INFO]: Wheat Growth Modifier: 100%
[21:42:29] [Server thread/INFO]: NetherWart Growth Modifier: 100%
[21:42:29] [Server thread/INFO]: Vine Growth Modifier: 100%
[21:42:29] [Server thread/INFO]: Cocoa Growth Modifier: 100%
[21:42:29] [Server thread/INFO]: Bamboo Growth Modifier: 100%
[21:42:29] [Server thread/INFO]: SweetBerry Growth Modifier: 100%
[21:42:29] [Server thread/INFO]: Kelp Growth Modifier: 100%
[21:42:29] [Server thread/INFO]: Tile Max Tick Time: 50ms Entity max Tick Time: 50ms
[21:42:29] [Server thread/INFO]: Max TNT Explosions: 100
[21:42:29] [Server thread/INFO]: Hopper Transfer: 8 Hopper Check: 1 Hopper Amount: 1
[21:42:29] [Server thread/INFO]: Preparing start region for dimension minecraft:overworld
[21:42:31] [Server thread/INFO]: Loaded 0 spawn chunks for world world
[21:42:31] [Server thread/INFO]: Time elapsed: 1802 ms
[21:42:31] [Server thread/INFO]: Preparing start region for dimension minecraft:the_nether
[21:42:31] [Server thread/INFO]: Loaded 0 spawn chunks for world world_nether
[21:42:31] [Server thread/INFO]: Time elapsed: 574 ms
[21:42:31] [Server thread/INFO]: Preparing start region for dimension minecraft:the_end
[21:42:31] [Server thread/INFO]: Loaded 0 spawn chunks for world world_the_end
[21:42:31] [Server thread/INFO]: Time elapsed: 124 ms
[21:42:31] [Server thread/INFO]: [BetterSleeping3] Enabling BetterSleeping3 v3.0.4
[21:42:31] [Server thread/INFO]: [BetterSleeping3] No missing options were found in config.yml!
[21:42:31] [Server thread/INFO]: [BetterSleeping3] No missing options were found in sleeping_settings.yml!
[21:42:31] [Server thread/INFO]: [BetterSleeping3] No missing options were found in hooks.yml!
[21:42:32] [Server thread/INFO]: [BetterSleeping3] No missing options were found in bypassing.yml!
[21:42:32] [Server thread/INFO]: [BetterSleeping3] Using localised lang file for: silent
[21:42:32] [Server thread/INFO]: [BetterSleeping3] No missing options were found in lang/silent.yml!
[21:42:32] [Server thread/INFO]: [BetterSleeping3] Using 'smooth' as night skip mode
[21:42:32] [Server thread/INFO]: [BetterSleeping3] Using required sleepers counter 'absolute' which is set to 1 players required
[21:42:32] [Server thread/INFO]: [BetterSleeping3] The message below is always shown, even if collecting data is disabled: 
[21:42:32] [Server thread/INFO]: [BetterSleeping3] BetterSleeping collects anonymous statistics once every 30 minutes. Opt-out at bStats/config.yml
[21:42:32] [Server thread/INFO]: [PixelTpa] Enabling PixelTpa vbeta 0.1*
[21:42:32] [Server thread/INFO]: [PixelTpa] Successfully enabled PixelTpa By VINUK beta 0.1!
[21:42:32] [Server thread/INFO]: [DropHeads] Enabling DropHeads v3.4.5
[21:42:33] [Server thread/INFO]: [SetHomes] Enabling SetHomes v1.2.9
[21:42:33] [Server thread/INFO]: [SetHomes] Hooked into LuckPerms!
[21:42:34] [Thread-13/INFO]: [BetterSleeping3] You are using the latest version: 3.0.4
[21:42:34] [Server thread/INFO]: Running delayed init tasks
[21:42:34] [Server thread/INFO]: Done (39.565s)! For help, type "help"
[21:42:34] [Server thread/WARN]: [io.papermc.paper.util.PaperJvmChecker] ************************************************************
[21:42:34] [Server thread/WARN]: [io.papermc.paper.util.PaperJvmChecker] * WARNING - YOU ARE RUNNING AN OUTDATED VERSION OF JAVA.
[21:42:34] [Server thread/WARN]: [io.papermc.paper.util.PaperJvmChecker] * PAPER WILL STOP BEING COMPATIBLE WITH THIS VERSION OF
[21:42:34] [Server thread/WARN]: [io.papermc.paper.util.PaperJvmChecker] * JAVA WHEN MINECRAFT 1.17 IS RELEASED.
[21:42:34] [Server thread/WARN]: [io.papermc.paper.util.PaperJvmChecker] *
[21:42:34] [Server thread/WARN]: [io.papermc.paper.util.PaperJvmChecker] * Please update the version of Java you use to run Paper
[21:42:34] [Server thread/WARN]: [io.papermc.paper.util.PaperJvmChecker] * to at least Java 11. When Paper for Minecraft 1.17 is
[21:42:34] [Server thread/WARN]: [io.papermc.paper.util.PaperJvmChecker] * released support for versions of Java before 11 will
[21:42:34] [Server thread/WARN]: [io.papermc.paper.util.PaperJvmChecker] * be dropped.
[21:42:34] [Server thread/WARN]: [io.papermc.paper.util.PaperJvmChecker] *
[21:42:34] [Server thread/WARN]: [io.papermc.paper.util.PaperJvmChecker] * Current Java version: 1.8.0_261
[21:42:34] [Server thread/WARN]: [io.papermc.paper.util.PaperJvmChecker] *
[21:42:34] [Server thread/WARN]: [io.papermc.paper.util.PaperJvmChecker] * Check this forum post for more information: 
[21:42:34] [Server thread/WARN]: [io.papermc.paper.util.PaperJvmChecker] *   https://papermc.io/java11
[21:42:34] [Server thread/WARN]: [io.papermc.paper.util.PaperJvmChecker] ************************************************************
[21:42:34] [Server thread/INFO]: Timings Reset
[21:43:18] [User Authenticator #1/INFO]: UUID of player Fantope is 7e46a8af-7956-386e-aa52-47ea39f43525
[21:43:23] [Server thread/INFO]: Fantope joined the game
[21:43:23] [Server thread/INFO]: Fantope[/127.0.0.1:63963] logged in with entity id 136 at ([world]-490.9800759281787, 19.0, -111.69999998807907)
[21:43:37] [Server thread/INFO]: Fantope lost connection: Disconnected
[21:43:37] [Server thread/INFO]: Fantope left the game
[21:50:31] [Server thread/INFO]: Stopping the server
[21:50:31] [Server thread/INFO]: Stopping server
[21:50:31] [Server thread/INFO]: [SetHomes] Disabling SetHomes v1.2.9
[21:50:31] [Server thread/INFO]: [DropHeads] Disabling DropHeads v3.4.5
[21:50:31] [Server thread/INFO]: [PixelTpa] Disabling PixelTpa vbeta 0.1
[21:50:31] [Server thread/INFO]: [PixelTpa]  Successfully disabled PixelTpa By VINUK beta 0.1!
[21:50:31] [Server thread/INFO]: [LuckPerms] Disabling LuckPerms v5.2.35
[21:50:31] [Server thread/INFO]: [LuckPerms] Starting shutdown process...
[21:50:31] [Server thread/INFO]: [LuckPerms] Closing storage...
[21:50:32] [Server thread/INFO]: [LuckPerms] Goodbye!
[21:50:32] [Server thread/INFO]: [BetterSleeping3] Disabling BetterSleeping3 v3.0.4
[21:50:32] [Server thread/INFO]: Saving players
[21:50:32] [Server thread/INFO]: Saving worlds
[21:50:32] [Server thread/INFO]: Saving chunks for level 'ServerLevel[world]'/minecraft:overworld
[21:50:37] [Server thread/INFO]: ThreadedAnvilChunkStorage (world): All chunks are saved
[21:50:37] [Server thread/INFO]: Saving chunks for level 'ServerLevel[world_nether]'/minecraft:the_nether
[21:50:40] [Server thread/INFO]: ThreadedAnvilChunkStorage (DIM-1): All chunks are saved
[21:50:40] [Server thread/INFO]: Saving chunks for level 'ServerLevel[world_the_end]'/minecraft:the_end
[21:50:41] [Server thread/INFO]: ThreadedAnvilChunkStorage (DIM1): All chunks are saved
[21:50:41] [Server thread/INFO]: ThreadedAnvilChunkStorage (world): All chunks are saved
[21:50:42] [Server thread/INFO]: ThreadedAnvilChunkStorage (DIM-1): All chunks are saved
[21:50:42] [Server thread/INFO]: ThreadedAnvilChunkStorage (DIM1): All chunks are saved
[21:50:42] [Server thread/INFO]: Flushing Chunk IO
[21:50:42] [Server thread/INFO]: Closing Thread Pool
[21:50:42] [Server thread/INFO]: Closing Server
